# JRE version: OpenJDK Runtime Environment Zulu11.68+17-CA (11.0.21+9) (build 11.0.21+9-LTS)
# Java VM: OpenJDK 64-Bit Server VM Zulu11.68+17-CA (11.0.21+9-LTS, mixed mode, tiered, compressed oops, g1 gc, linux-amd64)
Heap:
 garbage-first heap   total 116736K, used 59406K [0x0000000725e00000, 0x0000000800000000)
  region size 1024K, 18 young (18432K), 5 survivors (5120K)
 Metaspace       used 98546K, capacity 101692K, committed 101972K, reserved 1138688K
  class space    used 11832K, capacity 12997K, committed 13080K, reserved 1048576K
GC Heap History (20 events):
Event: 1452.258 GC heap before
{Heap before GC invocations=28 (full 5):
 garbage-first heap   total 116736K, used 92153K [0x0000000725e00000, 0x0000000800000000)
  region size 1024K, 58 young (59392K), 6 survivors (6144K)
 Metaspace       used 95984K, capacity 98771K, committed 99028K, reserved 1136640K
  class space    used 11623K, capacity 12659K, committed 12696K, reserved 1048576K
}
Event: 1452.261 GC heap after
{Heap after GC invocations=29 (full 5):
 garbage-first heap   total 116736K, used 39982K [0x0000000725e00000, 0x0000000800000000)
  region size 1024K, 5 young (5120K), 5 survivors (5120K)
 Metaspace       used 95984K, capacity 98771K, committed 99028K, reserved 1136640K
  class space    used 11623K, capacity 12659K, committed 12696K, reserved 1048576K
}
Event: 1471.405 GC heap before
{Heap before GC invocations=29 (full 5):
 garbage-first heap   total 116736K, used 46126K [0x0000000725e00000, 0x0000000800000000)
  region size 1024K, 12 young (12288K), 5 survivors (5120K)
 Metaspace       used 95993K, capacity 98781K, committed 99028K, reserved 1136640K
  class space    used 11624K, capacity 12661K, committed 12696K, reserved 1048576K
}
Event: 1471.461 GC heap after
{Heap after GC invocations=30 (full 6):
 garbage-first heap   total 116736K, used 33966K [0x0000000725e00000, 0x0000000800000000)
  region size 1024K, 0 young (0K), 0 survivors (0K)
 Metaspace       used 95967K, capacity 98739K, committed 99028K, reserved 1136640K
  class space    used 11620K, capacity 12653K, committed 12696K, reserved 1048576K
}
Event: 1471.711 GC heap before
{Heap before GC invocations=30 (full 6):
 garbage-first heap   total 116736K, used 91310K [0x0000000725e00000, 0x0000000800000000)
  region size 1024K, 57 young (58368K), 0 survivors (0K)
 Metaspace       used 96356K, capacity 99269K, committed 99412K, reserved 1136640K
  class space    used 11658K, capacity 12707K, committed 12824K, reserved 1048576K
}
Event: 1471.717 GC heap after
{Heap after GC invocations=31 (full 6):
 garbage-first heap   total 116736K, used 37307K [0x0000000725e00000, 0x0000000800000000)
  region size 1024K, 4 young (4096K), 4 survivors (4096K)
 Metaspace       used 96356K, capacity 99269K, committed 99412K, reserved 1136640K
  class space    used 11658K, capacity 12707K, committed 12824K, reserved 1048576K
}
Event: 1483.601 GC heap before
{Heap before GC invocations=31 (full 6):
 garbage-first heap   total 116736K, used 92603K [0x0000000725e00000, 0x0000000800000000)
  region size 1024K, 58 young (59392K), 4 survivors (4096K)
 Metaspace       used 96742K, capacity 99679K, committed 99924K, reserved 1136640K
  class space    used 11687K, capacity 12754K, committed 12824K, reserved 1048576K
}
Event: 1483.633 GC heap after
{Heap after GC invocations=32 (full 6):
 garbage-first heap   total 116736K, used 36162K [0x0000000725e00000, 0x0000000800000000)
  region size 1024K, 3 young (3072K), 3 survivors (3072K)
 Metaspace       used 96742K, capacity 99679K, committed 99924K, reserved 1136640K
  class space    used 11687K, capacity 12754K, committed 12824K, reserved 1048576K
}
Event: 1497.326 GC heap before
{Heap before GC invocations=32 (full 6):
 garbage-first heap   total 116736K, used 93506K [0x0000000725e00000, 0x0000000800000000)
  region size 1024K, 59 young (60416K), 3 survivors (3072K)
 Metaspace       used 97053K, capacity 100052K, committed 100308K, reserved 1136640K
  class space    used 11720K, capacity 12832K, committed 12952K, reserved 1048576K
}
Event: 1497.329 GC heap after
{Heap after GC invocations=33 (full 6):
 garbage-first heap   total 116736K, used 38990K [0x0000000725e00000, 0x0000000800000000)
  region size 1024K, 5 young (5120K), 5 survivors (5120K)
 Metaspace       used 97053K, capacity 100052K, committed 100308K, reserved 1136640K
  class space    used 11720K, capacity 12832K, committed 12952K, reserved 1048576K
}
Event: 1499.955 GC heap before
{Heap before GC invocations=33 (full 6):
 garbage-first heap   total 116736K, used 94286K [0x0000000725e00000, 0x0000000800000000)
  region size 1024K, 59 young (60416K), 5 survivors (5120K)
 Metaspace       used 97227K, capacity 100302K, committed 100564K, reserved 1136640K
  class space    used 11739K, capacity 12872K, committed 12952K, reserved 1048576K
}
Event: 1499.958 GC heap after
{Heap after GC invocations=34 (full 6):
 garbage-first heap   total 116736K, used 40664K [0x0000000725e00000, 0x0000000800000000)
  region size 1024K, 6 young (6144K), 6 survivors (6144K)
 Metaspace       used 97227K, capacity 100302K, committed 100564K, reserved 1136640K
  class space    used 11739K, capacity 12872K, committed 12952K, reserved 1048576K
}
Event: 1501.975 GC heap before
{Heap before GC invocations=34 (full 6):
 garbage-first heap   total 116736K, used 93912K [0x0000000725e00000, 0x0000000800000000)
  region size 1024K, 58 young (59392K), 6 survivors (6144K)
 Metaspace       used 97559K, capacity 100624K, committed 100820K, reserved 1136640K
  class space    used 11771K, capacity 12913K, committed 12952K, reserved 1048576K
}
Event: 1501.978 GC heap after
{Heap after GC invocations=35 (full 6):
 garbage-first heap   total 116736K, used 42888K [0x0000000725e00000, 0x0000000800000000)
  region size 1024K, 6 young (6144K), 6 survivors (6144K)
 Metaspace       used 97559K, capacity 100624K, committed 100820K, reserved 1136640K
  class space    used 11771K, capacity 12913K, committed 12952K, reserved 1048576K
}
Event: 1506.586 GC heap before
{Heap before GC invocations=35 (full 6):
 garbage-first heap   total 116736K, used 93064K [0x0000000725e00000, 0x0000000800000000)
  region size 1024K, 55 young (56320K), 6 survivors (6144K)
 Metaspace       used 98063K, capacity 101141K, committed 101460K, reserved 1138688K
  class space    used 11802K, capacity 12951K, committed 13080K, reserved 1048576K
}
Event: 1506.589 GC heap after
{Heap after GC invocations=36 (full 6):
 garbage-first heap   total 116736K, used 44756K [0x0000000725e00000, 0x0000000800000000)
  region size 1024K, 6 young (6144K), 6 survivors (6144K)
 Metaspace       used 98063K, capacity 101141K, committed 101460K, reserved 1138688K
  class space    used 11802K, capacity 12951K, committed 13080K, reserved 1048576K
}
Event: 1506.692 GC heap before
{Heap before GC invocations=36 (full 6):
 garbage-first heap   total 116736K, used 92884K [0x0000000725e00000, 0x0000000800000000)
  region size 1024K, 53 young (54272K), 6 survivors (6144K)
 Metaspace       used 98474K, capacity 101672K, committed 101972K, reserved 1138688K
  class space    used 11826K, capacity 12990K, committed 13080K, reserved 1048576K
}
Event: 1506.695 GC heap after
{Heap after GC invocations=37 (full 6):
 garbage-first heap   total 116736K, used 46026K [0x0000000725e00000, 0x0000000800000000)
  region size 1024K, 4 young (4096K), 4 survivors (4096K)
 Metaspace       used 98474K, capacity 101672K, committed 101972K, reserved 1138688K
  class space    used 11826K, capacity 12990K, committed 13080K, reserved 1048576K
}
Event: 1560.571 GC heap before
{Heap before GC invocations=37 (full 6):
 garbage-first heap   total 116736K, used 94154K [0x0000000725e00000, 0x0000000800000000)
  region size 1024K, 51 young (52224K), 4 survivors (4096K)
 Metaspace       used 98546K, capacity 101692K, committed 101972K, reserved 1138688K
  class space    used 11832K, capacity 12997K, committed 13080K, reserved 1048576K
}
Event: 1560.573 GC heap after
{Heap after GC invocations=38 (full 6):
 garbage-first heap   total 116736K, used 47118K [0x0000000725e00000, 0x0000000800000000)
  region size 1024K, 5 young (5120K), 5 survivors (5120K)
 Metaspace       used 98546K, capacity 101692K, committed 101972K, reserved 1138688K
  class space    used 11832K, capacity 12997K, committed 13080K, reserved 1048576K
}

